Using pre-set license
Built from '2020.3/release' branch; Version is '2020.3.27f1 (e759542391ea) revision 15161684'; Using compiler version '192528614'; Build Type 'Release'
OS: 'Windows 10  (10.0.19044) 64bit Professional' Language: 'ru' Physical Memory: 7612 MB
BatchMode: 1, IsHumanControllingUs: 0, StartBugReporterOnCrash: 0, Is64bit: 1, IsPro: 0

COMMAND LINE ARGUMENTS:
C:\Program Files\Unity\Hub\Editor\2020.3.27f1\Editor\Unity.exe
-adb2
-batchMode
-noUpm
-name
AssetImportWorker0
-projectPath
D:/My Unity Projects/New Unity Project (3)
-logFile
Logs/AssetImportWorker0.log
-srvPort
59398
Successfully changed project path to: D:/My Unity Projects/New Unity Project (3)
D:/My Unity Projects/New Unity Project (3)
Using Asset Import Pipeline V2.
Refreshing native plugins compatible for Editor in 108.52 ms, found 2 plugins.
Preloading 0 native plugins for Editor in 0.00 ms.
Initialize engine version: 2020.3.27f1 (e759542391ea)
[Subsystems] Discovering subsystems at path C:/Program Files/Unity/Hub/Editor/2020.3.27f1/Editor/Data/Resources/UnitySubsystems
[Subsystems] Discovering subsystems at path D:/My Unity Projects/New Unity Project (3)/Assets
GfxDevice: creating device client; threaded=0
Direct3D:
    Version:  Direct3D 11.0 [level 11.0]
    Renderer: NVIDIA GeForce GT 710 (ID=0x128b)
    Vendor:   
    VRAM:     2007 MB
    Driver:   27.21.14.5671
Initialize mono
Mono path[0] = 'C:/Program Files/Unity/Hub/Editor/2020.3.27f1/Editor/Data/Managed'
Mono path[1] = 'C:/Program Files/Unity/Hub/Editor/2020.3.27f1/Editor/Data/MonoBleedingEdge/lib/mono/unityjit'
Mono config path = 'C:/Program Files/Unity/Hub/Editor/2020.3.27f1/Editor/Data/MonoBleedingEdge/etc'
Using monoOptions --debugger-agent=transport=dt_socket,embedding=1,server=y,suspend=n,address=127.0.0.1:56820
Begin MonoManager ReloadAssembly
Registering precompiled unity dll's ...
Register platform support module: C:/Program Files/Unity/Hub/Editor/2020.3.27f1/Editor/Data/PlaybackEngines/WebGLSupport/UnityEditor.WebGL.Extensions.dll
Register platform support module: C:/Program Files/Unity/Hub/Editor/2020.3.27f1/Editor/Data/PlaybackEngines/WindowsStandaloneSupport/UnityEditor.WindowsStandalone.Extensions.dll
Registered in 0.007800 seconds.
Native extension for WindowsStandalone target not found
Native extension for WebGL target not found
Refreshing native plugins compatible for Editor in 60.98 ms, found 2 plugins.
Preloading 0 native plugins for Editor in 0.00 ms.
Mono: successfully reloaded assembly
- Completed reload, in  1.564 seconds
Domain Reload Profiling:
	ReloadAssembly (1565ms)
		BeginReloadAssembly (211ms)
			ExecutionOrderSort (0ms)
			DisableScriptedObjects (0ms)
			BackupInstance (0ms)
			ReleaseScriptingObjects (0ms)
			CreateAndSetChildDomain (2ms)
		EndReloadAssembly (1145ms)
			LoadAssemblies (207ms)
			RebuildTransferFunctionScriptingTraits (0ms)
			SetupTypeCache (379ms)
			ReleaseScriptCaches (0ms)
			RebuildScriptCaches (99ms)
			SetupLoadedEditorAssemblies (423ms)
				LogAssemblyErrors (0ms)
				InitializePlatformSupportModulesInManaged (12ms)
				SetLoadedEditorAssemblies (0ms)
				RefreshPlugins (61ms)
				BeforeProcessingInitializeOnLoad (36ms)
				ProcessInitializeOnLoadAttributes (220ms)
				ProcessInitializeOnLoadMethodAttributes (93ms)
				AfterProcessingInitializeOnLoad (0ms)
				EditorAssembliesLoaded (1ms)
			ExecutionOrderSort2 (0ms)
			AwakeInstancesAfterBackupRestoration (0ms)
Platform modules already initialized, skipping
Registering precompiled user dll's ...
Registered in 0.008253 seconds.
Begin MonoManager ReloadAssembly
Native extension for WindowsStandalone target not found
Native extension for WebGL target not found
Refreshing native plugins compatible for Editor in 0.69 ms, found 2 plugins.
Preloading 0 native plugins for Editor in 0.00 ms.
Mono: successfully reloaded assembly
- Completed reload, in  3.134 seconds
Domain Reload Profiling:
	ReloadAssembly (3136ms)
		BeginReloadAssembly (479ms)
			ExecutionOrderSort (0ms)
			DisableScriptedObjects (10ms)
			BackupInstance (0ms)
			ReleaseScriptingObjects (0ms)
			CreateAndSetChildDomain (43ms)
		EndReloadAssembly (2294ms)
			LoadAssemblies (475ms)
			RebuildTransferFunctionScriptingTraits (0ms)
			SetupTypeCache (900ms)
			ReleaseScriptCaches (1ms)
			RebuildScriptCaches (120ms)
			SetupLoadedEditorAssemblies (721ms)
				LogAssemblyErrors (0ms)
				InitializePlatformSupportModulesInManaged (13ms)
				SetLoadedEditorAssemblies (1ms)
				RefreshPlugins (1ms)
				BeforeProcessingInitializeOnLoad (174ms)
				ProcessInitializeOnLoadAttributes (492ms)
				ProcessInitializeOnLoadMethodAttributes (19ms)
				AfterProcessingInitializeOnLoad (20ms)
				EditorAssembliesLoaded (0ms)
			ExecutionOrderSort2 (0ms)
			AwakeInstancesAfterBackupRestoration (14ms)
Platform modules already initialized, skipping
========================================================================
Worker process is ready to serve import requests
Launched and connected shader compiler UnityShaderCompiler.exe after 0.17 seconds
Refreshing native plugins compatible for Editor in 0.96 ms, found 2 plugins.
Preloading 0 native plugins for Editor in 0.00 ms.
Unloading 1524 Unused Serialized files (Serialized files now loaded: 0)
System memory in use before: 71.0 MB.
System memory in use after: 71.1 MB.

Unloading 19 unused Assets to reduce memory usage. Loaded Objects now: 1957.
Total: 6.415700 ms (FindLiveObjects: 0.322300 ms CreateObjectMapping: 0.120400 ms MarkObjects: 5.768200 ms  DeleteObjects: 0.201500 ms)

AssetImportParameters requested are different than current active one (requested -> active):
  custom:framework-win-MediaFoundation: 216162199b28c13a410421893ffa2e32 -> 
  custom:video-decoder-ogg-theora: a1e56fd34408186e4bbccfd4996cb3dc -> 
  custom:container-muxer-webm: aa71ff27fc2769a1b78a27578f13a17b -> 
  custom:container-demuxer-webm: 4f35f7cbe854078d1ac9338744f61a02 -> 
  custom:container-demuxer-ogg: 62fdf1f143b41e24485cea50d1cbac27 -> 
  custom:video-encoder-webm-vp8: eb34c28f22e8b96e1ab97ce403110664 -> 
  custom:video-decoder-webm-vp8: 9c59270c3fd7afecdb556c50c9e8de78 -> 
  custom:audio-decoder-ogg-vorbis: bf7c407c2cedff20999df2af8eb42d56 -> 
  custom:audio-encoder-webm-vorbis: bf7c407c2cedff20999df2af8eb42d56 -> 
========================================================================
Received Import Request.
  path: Assets/T_Butterfly_07.png
  artifactKey: Guid(7ea14ddf75062ef42b0befa3bf6f6c7f) Importer(815301076,1909f56bfc062723c751e8b465ee728b)
Start importing Assets/T_Butterfly_07.png using Guid(7ea14ddf75062ef42b0befa3bf6f6c7f) Importer(815301076,1909f56bfc062723c751e8b465ee728b)  -> (artifact id: 'a190a90615388a466d9cd617afc7add7') in 0.146912 seconds 
  Import took 0.151722 seconds .

========================================================================
Received Import Request.
  Time since last request: 0.000440 seconds.
  path: Assets/T_Butterfly_09.png
  artifactKey: Guid(8e0e51730ebde7742abfd813e1c7037e) Importer(815301076,1909f56bfc062723c751e8b465ee728b)
Start importing Assets/T_Butterfly_09.png using Guid(8e0e51730ebde7742abfd813e1c7037e) Importer(815301076,1909f56bfc062723c751e8b465ee728b)  -> (artifact id: 'f13aefe88dc14bb0a595fe50f705253c') in 0.064900 seconds 
  Import took 0.071154 seconds .

========================================================================
Received Import Request.
  Time since last request: 0.000376 seconds.
  path: Assets/Ловец бабочек.png
  artifactKey: Guid(f83a86f4aa42d3b48805d671b57d778a) Importer(815301076,1909f56bfc062723c751e8b465ee728b)
Start importing Assets/Ловец бабочек.png using Guid(f83a86f4aa42d3b48805d671b57d778a) Importer(815301076,1909f56bfc062723c751e8b465ee728b)  -> (artifact id: '2580fcf066b6460f5be878974cee1a5e') in 0.140325 seconds 
  Import took 0.145157 seconds .

========================================================================
Received Import Request.
  Time since last request: 0.000291 seconds.
  path: Assets/T_Butterfly_08.png
  artifactKey: Guid(892687eef0b271c48b772204e415ca95) Importer(815301076,1909f56bfc062723c751e8b465ee728b)
Start importing Assets/T_Butterfly_08.png using Guid(892687eef0b271c48b772204e415ca95) Importer(815301076,1909f56bfc062723c751e8b465ee728b)  -> (artifact id: '49082847e4274876d4f1f33da0e6b15d') in 0.043628 seconds 
  Import took 0.050842 seconds .

========================================================================
Received Import Request.
  Time since last request: 0.000514 seconds.
  path: Assets/T_Butterfly_06.png
  artifactKey: Guid(202faa91441c55b4d9508c9189afa4db) Importer(815301076,1909f56bfc062723c751e8b465ee728b)
Start importing Assets/T_Butterfly_06.png using Guid(202faa91441c55b4d9508c9189afa4db) Importer(815301076,1909f56bfc062723c751e8b465ee728b)  -> (artifact id: '693a8b61efd6fbc939a42f5329a85637') in 0.046708 seconds 
  Import took 0.054091 seconds .

========================================================================
Received Import Request.
  Time since last request: 0.000579 seconds.
  path: Assets/T_Butterfly_04.png
  artifactKey: Guid(c308ff76356186a47bf998d8f3d5bcae) Importer(815301076,1909f56bfc062723c751e8b465ee728b)
Start importing Assets/T_Butterfly_04.png using Guid(c308ff76356186a47bf998d8f3d5bcae) Importer(815301076,1909f56bfc062723c751e8b465ee728b)  -> (artifact id: 'd43b29d32978fa16c43c1058ac1f7d9e') in 0.039662 seconds 
  Import took 0.045591 seconds .

========================================================================
Received Import Request.
  Time since last request: 0.000604 seconds.
  path: Assets/T_Butterfly_10.png
  artifactKey: Guid(e30daeaa5a128884eb0bf3dfb976a62a) Importer(815301076,1909f56bfc062723c751e8b465ee728b)
Start importing Assets/T_Butterfly_10.png using Guid(e30daeaa5a128884eb0bf3dfb976a62a) Importer(815301076,1909f56bfc062723c751e8b465ee728b)  -> (artifact id: 'f0a31d508cf44493dc63fbeffe28c76a') in 0.041204 seconds 
  Import took 0.045835 seconds .

========================================================================
Received Import Request.
  Time since last request: 0.000665 seconds.
  path: Assets/New Material.mat
  artifactKey: Guid(76c825a95348d6c47b3ad01475b8fc95) Importer(815301076,1909f56bfc062723c751e8b465ee728b)
Start importing Assets/New Material.mat using Guid(76c825a95348d6c47b3ad01475b8fc95) Importer(815301076,1909f56bfc062723c751e8b465ee728b)  -> (artifact id: 'c909924d2afff5c2fac9f86398c87421') in 0.594197 seconds 
  Import took 0.599193 seconds .

========================================================================
Received Import Request.
  Time since last request: 0.000689 seconds.
  path: Assets/Comic Sans MS SDF.asset
  artifactKey: Guid(ce40d34cb2a3ae547a90b83976e7570f) Importer(815301076,1909f56bfc062723c751e8b465ee728b)
Start importing Assets/Comic Sans MS SDF.asset using Guid(ce40d34cb2a3ae547a90b83976e7570f) Importer(815301076,1909f56bfc062723c751e8b465ee728b)  -> (artifact id: 'ed54a338cd28d5835104bb90ac5e1f9b') in 0.106716 seconds 
  Import took 0.113309 seconds .

========================================================================
Received Import Request.
  Time since last request: 0.000507 seconds.
  path: Assets/Comic Sans MS.ttf
  artifactKey: Guid(059276e61865894448c0378c2052b270) Importer(815301076,1909f56bfc062723c751e8b465ee728b)
Start importing Assets/Comic Sans MS.ttf using Guid(059276e61865894448c0378c2052b270) Importer(815301076,1909f56bfc062723c751e8b465ee728b)  -> (artifact id: '52047cda5c638acef6e21ea5c60d1661') in 0.038756 seconds 
  Import took 0.043669 seconds .

========================================================================
Received Import Request.
  Time since last request: 0.000453 seconds.
  path: Assets/T_Background_01.jpg
  artifactKey: Guid(b6d0a34ccd1b4104f90d1e51233af51c) Importer(815301076,1909f56bfc062723c751e8b465ee728b)
Start importing Assets/T_Background_01.jpg using Guid(b6d0a34ccd1b4104f90d1e51233af51c) Importer(815301076,1909f56bfc062723c751e8b465ee728b)  -> (artifact id: '5c72549ff628f4148ca724c3bc9adcec') in 0.089073 seconds 
  Import took 0.093912 seconds .

========================================================================
Received Import Request.
  Time since last request: 0.000389 seconds.
  path: Assets/T_Butterfly_03.png
  artifactKey: Guid(f67c099d653e3c142b90847784f5e32f) Importer(815301076,1909f56bfc062723c751e8b465ee728b)
Start importing Assets/T_Butterfly_03.png using Guid(f67c099d653e3c142b90847784f5e32f) Importer(815301076,1909f56bfc062723c751e8b465ee728b)  -> (artifact id: 'e356f5af8d4382d731a8a3f36dfe0467') in 0.037800 seconds 
  Import took 0.042367 seconds .

========================================================================
Received Import Request.
  Time since last request: 0.000389 seconds.
  path: Assets/T_Butterfly_05.png
  artifactKey: Guid(6a85ff5983b74e04b842bbc70b2e1c03) Importer(815301076,1909f56bfc062723c751e8b465ee728b)
Start importing Assets/T_Butterfly_05.png using Guid(6a85ff5983b74e04b842bbc70b2e1c03) Importer(815301076,1909f56bfc062723c751e8b465ee728b)  -> (artifact id: 'af2f86856aa787e67cc1928a0efae978') in 0.043411 seconds 
  Import took 0.048037 seconds .

========================================================================
Received Import Request.
  Time since last request: 4.208625 seconds.
  path: Assets/Scenes
  artifactKey: Guid(e1311d61ee35bf748945be42c91d5071) Importer(815301076,1909f56bfc062723c751e8b465ee728b)
Start importing Assets/Scenes using Guid(e1311d61ee35bf748945be42c91d5071) Importer(815301076,1909f56bfc062723c751e8b465ee728b)  -> (artifact id: 'fb2f68b4d96331f8b102d8070b1972f0') in 0.009553 seconds 
  Import took 0.013951 seconds .

========================================================================
Received Import Request.
  Time since last request: 7.962006 seconds.
  path: Assets/Scenes/OpenGame.unity
  artifactKey: Guid(903fcbc82da2dcf4dbc7d4dab9b84b83) Importer(815301076,1909f56bfc062723c751e8b465ee728b)
Start importing Assets/Scenes/OpenGame.unity using Guid(903fcbc82da2dcf4dbc7d4dab9b84b83) Importer(815301076,1909f56bfc062723c751e8b465ee728b)  -> (artifact id: '65e8a378eb4d2d066321e9933460a7c8') in 0.014092 seconds 
  Import took 0.020252 seconds .

========================================================================
Received Import Request.
  Time since last request: 0.403873 seconds.
  path: Assets/Scenes/SampleScene.unity
  artifactKey: Guid(9fc0d4010bbf28b4594072e72b8655ab) Importer(815301076,1909f56bfc062723c751e8b465ee728b)
Start importing Assets/Scenes/SampleScene.unity using Guid(9fc0d4010bbf28b4594072e72b8655ab) Importer(815301076,1909f56bfc062723c751e8b465ee728b)  -> (artifact id: 'd524fae05b761d6e0f8cf5c1e9f40e03') in 0.017537 seconds 
  Import took 0.023519 seconds .

========================================================================
Received Import Request.
  Time since last request: 0.310595 seconds.
  path: Assets/Scenes/Settings.unity
  artifactKey: Guid(268cbac8a120cd9499c6e3097c5cf36b) Importer(815301076,1909f56bfc062723c751e8b465ee728b)
Start importing Assets/Scenes/Settings.unity using Guid(268cbac8a120cd9499c6e3097c5cf36b) Importer(815301076,1909f56bfc062723c751e8b465ee728b)  -> (artifact id: '66298dcd3e4b99817d648dd2141c54df') in 0.028292 seconds 
  Import took 0.036119 seconds .

========================================================================
Received Prepare
Registering precompiled user dll's ...
Registered in 0.010561 seconds.
Begin MonoManager ReloadAssembly
Native extension for WindowsStandalone target not found
Native extension for WebGL target not found
Refreshing native plugins compatible for Editor in 0.74 ms, found 2 plugins.
Preloading 0 native plugins for Editor in 0.00 ms.
Mono: successfully reloaded assembly
- Completed reload, in  2.527 seconds
Domain Reload Profiling:
	ReloadAssembly (2530ms)
		BeginReloadAssembly (511ms)
			ExecutionOrderSort (0ms)
			DisableScriptedObjects (17ms)
			BackupInstance (0ms)
			ReleaseScriptingObjects (0ms)
			CreateAndSetChildDomain (149ms)
		EndReloadAssembly (1882ms)
			LoadAssemblies (374ms)
			RebuildTransferFunctionScriptingTraits (0ms)
			SetupTypeCache (742ms)
			ReleaseScriptCaches (2ms)
			RebuildScriptCaches (92ms)
			SetupLoadedEditorAssemblies (637ms)
				LogAssemblyErrors (0ms)
				InitializePlatformSupportModulesInManaged (13ms)
				SetLoadedEditorAssemblies (1ms)
				RefreshPlugins (1ms)
				BeforeProcessingInitializeOnLoad (165ms)
				ProcessInitializeOnLoadAttributes (420ms)
				ProcessInitializeOnLoadMethodAttributes (18ms)
				AfterProcessingInitializeOnLoad (18ms)
				EditorAssembliesLoaded (1ms)
			ExecutionOrderSort2 (0ms)
			AwakeInstancesAfterBackupRestoration (14ms)
Platform modules already initialized, skipping
Refreshing native plugins compatible for Editor in 0.70 ms, found 2 plugins.
Preloading 0 native plugins for Editor in 0.00 ms.
Unloading 1506 Unused Serialized files (Serialized files now loaded: 0)
System memory in use before: 73.1 MB.
System memory in use after: 73.2 MB.

Unloading 14 unused Assets to reduce memory usage. Loaded Objects now: 2009.
Total: 5.340100 ms (FindLiveObjects: 0.292700 ms CreateObjectMapping: 0.105400 ms MarkObjects: 4.900000 ms  DeleteObjects: 0.039000 ms)

AssetImportParameters requested are different than current active one (requested -> active):
  custom:framework-win-MediaFoundation: 216162199b28c13a410421893ffa2e32 -> 
  custom:video-decoder-ogg-theora: a1e56fd34408186e4bbccfd4996cb3dc -> 
  custom:container-muxer-webm: aa71ff27fc2769a1b78a27578f13a17b -> 
  custom:container-demuxer-webm: 4f35f7cbe854078d1ac9338744f61a02 -> 
  custom:container-demuxer-ogg: 62fdf1f143b41e24485cea50d1cbac27 -> 
  custom:video-encoder-webm-vp8: eb34c28f22e8b96e1ab97ce403110664 -> 
  custom:video-decoder-webm-vp8: 9c59270c3fd7afecdb556c50c9e8de78 -> 
  custom:audio-decoder-ogg-vorbis: bf7c407c2cedff20999df2af8eb42d56 -> 
  custom:audio-encoder-webm-vorbis: bf7c407c2cedff20999df2af8eb42d56 -> 
========================================================================
Received Import Request.
  Time since last request: 3803.910332 seconds.
  path: Assets/PauseEsc.cs
  artifactKey: Guid(a5d549ef44b193140841178024e74dde) Importer(815301076,1909f56bfc062723c751e8b465ee728b)
Start importing Assets/PauseEsc.cs using Guid(a5d549ef44b193140841178024e74dde) Importer(815301076,1909f56bfc062723c751e8b465ee728b)  -> (artifact id: '377991f999d4d2ab8f4c66a1546add80') in 0.023188 seconds 
  Import took 0.086693 seconds .

========================================================================
Received Prepare
Registering precompiled user dll's ...
Registered in 0.015516 seconds.
Begin MonoManager ReloadAssembly
Native extension for WindowsStandalone target not found
Native extension for WebGL target not found
Refreshing native plugins compatible for Editor in 1.12 ms, found 2 plugins.
Preloading 0 native plugins for Editor in 0.00 ms.
Mono: successfully reloaded assembly
- Completed reload, in  3.393 seconds
Domain Reload Profiling:
	ReloadAssembly (3394ms)
		BeginReloadAssembly (356ms)
			ExecutionOrderSort (0ms)
			DisableScriptedObjects (15ms)
			BackupInstance (0ms)
			ReleaseScriptingObjects (0ms)
			CreateAndSetChildDomain (78ms)
		EndReloadAssembly (2819ms)
			LoadAssemblies (339ms)
			RebuildTransferFunctionScriptingTraits (0ms)
			SetupTypeCache (1147ms)
			ReleaseScriptCaches (1ms)
			RebuildScriptCaches (123ms)
			SetupLoadedEditorAssemblies (935ms)
				LogAssemblyErrors (0ms)
				InitializePlatformSupportModulesInManaged (15ms)
				SetLoadedEditorAssemblies (2ms)
				RefreshPlugins (1ms)
				BeforeProcessingInitializeOnLoad (208ms)
				ProcessInitializeOnLoadAttributes (658ms)
				ProcessInitializeOnLoadMethodAttributes (28ms)
				AfterProcessingInitializeOnLoad (22ms)
				EditorAssembliesLoaded (0ms)
			ExecutionOrderSort2 (0ms)
			AwakeInstancesAfterBackupRestoration (43ms)
Platform modules already initialized, skipping
Refreshing native plugins compatible for Editor in 0.88 ms, found 2 plugins.
Preloading 0 native plugins for Editor in 0.00 ms.
Unloading 1506 Unused Serialized files (Serialized files now loaded: 0)
System memory in use before: 73.2 MB.
System memory in use after: 73.3 MB.

Unloading 14 unused Assets to reduce memory usage. Loaded Objects now: 2011.
Total: 6.453700 ms (FindLiveObjects: 0.427300 ms CreateObjectMapping: 0.166700 ms MarkObjects: 5.817000 ms  DeleteObjects: 0.039400 ms)

AssetImportParameters requested are different than current active one (requested -> active):
  custom:framework-win-MediaFoundation: 216162199b28c13a410421893ffa2e32 -> 
  custom:video-decoder-ogg-theora: a1e56fd34408186e4bbccfd4996cb3dc -> 
  custom:container-muxer-webm: aa71ff27fc2769a1b78a27578f13a17b -> 
  custom:container-demuxer-webm: 4f35f7cbe854078d1ac9338744f61a02 -> 
  custom:container-demuxer-ogg: 62fdf1f143b41e24485cea50d1cbac27 -> 
  custom:video-encoder-webm-vp8: eb34c28f22e8b96e1ab97ce403110664 -> 
  custom:video-decoder-webm-vp8: 9c59270c3fd7afecdb556c50c9e8de78 -> 
  custom:audio-decoder-ogg-vorbis: bf7c407c2cedff20999df2af8eb42d56 -> 
  custom:audio-encoder-webm-vorbis: bf7c407c2cedff20999df2af8eb42d56 -> 
========================================================================
Received Prepare
Registering precompiled user dll's ...
Registered in 0.007703 seconds.
Begin MonoManager ReloadAssembly
Native extension for WindowsStandalone target not found
Native extension for WebGL target not found
Refreshing native plugins compatible for Editor in 0.73 ms, found 2 plugins.
Preloading 0 native plugins for Editor in 0.00 ms.
Mono: successfully reloaded assembly
- Completed reload, in  2.403 seconds
Domain Reload Profiling:
	ReloadAssembly (2404ms)
		BeginReloadAssembly (399ms)
			ExecutionOrderSort (0ms)
			DisableScriptedObjects (12ms)
			BackupInstance (0ms)
			ReleaseScriptingObjects (0ms)
			CreateAndSetChildDomain (78ms)
		EndReloadAssembly (1848ms)
			LoadAssemblies (400ms)
			RebuildTransferFunctionScriptingTraits (0ms)
			SetupTypeCache (679ms)
			ReleaseScriptCaches (1ms)
			RebuildScriptCaches (80ms)
			SetupLoadedEditorAssemblies (650ms)
				LogAssemblyErrors (0ms)
				InitializePlatformSupportModulesInManaged (12ms)
				SetLoadedEditorAssemblies (1ms)
				RefreshPlugins (1ms)
				BeforeProcessingInitializeOnLoad (171ms)
				ProcessInitializeOnLoadAttributes (426ms)
				ProcessInitializeOnLoadMethodAttributes (20ms)
				AfterProcessingInitializeOnLoad (19ms)
				EditorAssembliesLoaded (0ms)
			ExecutionOrderSort2 (0ms)
			AwakeInstancesAfterBackupRestoration (17ms)
Platform modules already initialized, skipping
Refreshing native plugins compatible for Editor in 0.73 ms, found 2 plugins.
Preloading 0 native plugins for Editor in 0.00 ms.
Unloading 1506 Unused Serialized files (Serialized files now loaded: 0)
System memory in use before: 73.2 MB.
System memory in use after: 73.3 MB.

Unloading 14 unused Assets to reduce memory usage. Loaded Objects now: 2013.
Total: 4.999600 ms (FindLiveObjects: 0.357900 ms CreateObjectMapping: 0.115700 ms MarkObjects: 4.472800 ms  DeleteObjects: 0.050700 ms)

AssetImportParameters requested are different than current active one (requested -> active):
  custom:framework-win-MediaFoundation: 216162199b28c13a410421893ffa2e32 -> 
  custom:video-decoder-ogg-theora: a1e56fd34408186e4bbccfd4996cb3dc -> 
  custom:container-muxer-webm: aa71ff27fc2769a1b78a27578f13a17b -> 
  custom:container-demuxer-webm: 4f35f7cbe854078d1ac9338744f61a02 -> 
  custom:container-demuxer-ogg: 62fdf1f143b41e24485cea50d1cbac27 -> 
  custom:video-encoder-webm-vp8: eb34c28f22e8b96e1ab97ce403110664 -> 
  custom:video-decoder-webm-vp8: 9c59270c3fd7afecdb556c50c9e8de78 -> 
  custom:audio-decoder-ogg-vorbis: bf7c407c2cedff20999df2af8eb42d56 -> 
  custom:audio-encoder-webm-vorbis: bf7c407c2cedff20999df2af8eb42d56 -> 
========================================================================
Received Import Request.
  Time since last request: 499.948913 seconds.
  path: Assets/TextMesh Pro/Resources/Fonts & Materials/LiberationSans SDF.asset
  artifactKey: Guid(8f586378b4e144a9851e7b34d9b748ee) Importer(815301076,1909f56bfc062723c751e8b465ee728b)
Start importing Assets/TextMesh Pro/Resources/Fonts & Materials/LiberationSans SDF.asset using Guid(8f586378b4e144a9851e7b34d9b748ee) Importer(815301076,1909f56bfc062723c751e8b465ee728b)  -> (artifact id: 'f1280cc7be10b532b2897fc8654f95d3') in 0.708996 seconds 
  Import took 0.717498 seconds .

========================================================================
Received Import Request.
  Time since last request: 0.000348 seconds.
  path: Assets/TextMesh Pro/Resources/Fonts & Materials/LiberationSans SDF - Fallback.asset
  artifactKey: Guid(2e498d1c8094910479dc3e1b768306a4) Importer(815301076,1909f56bfc062723c751e8b465ee728b)
Start importing Assets/TextMesh Pro/Resources/Fonts & Materials/LiberationSans SDF - Fallback.asset using Guid(2e498d1c8094910479dc3e1b768306a4) Importer(815301076,1909f56bfc062723c751e8b465ee728b)  -> (artifact id: 'e6712cefcffec8104ba0a55fb4795f43') in 0.072064 seconds 
  Import took 0.077742 seconds .

========================================================================
Received Prepare
Registering precompiled user dll's ...
Registered in 0.008272 seconds.
Begin MonoManager ReloadAssembly
Native extension for WindowsStandalone target not found
Native extension for WebGL target not found
Refreshing native plugins compatible for Editor in 0.86 ms, found 2 plugins.
Preloading 0 native plugins for Editor in 0.00 ms.
Mono: successfully reloaded assembly
- Completed reload, in  2.144 seconds
Domain Reload Profiling:
	ReloadAssembly (2145ms)
		BeginReloadAssembly (262ms)
			ExecutionOrderSort (0ms)
			DisableScriptedObjects (9ms)
			BackupInstance (0ms)
			ReleaseScriptingObjects (0ms)
			CreateAndSetChildDomain (70ms)
		EndReloadAssembly (1735ms)
			LoadAssemblies (236ms)
			RebuildTransferFunctionScriptingTraits (0ms)
			SetupTypeCache (649ms)
			ReleaseScriptCaches (1ms)
			RebuildScriptCaches (82ms)
			SetupLoadedEditorAssemblies (625ms)
				LogAssemblyErrors (0ms)
				InitializePlatformSupportModulesInManaged (14ms)
				SetLoadedEditorAssemblies (1ms)
				RefreshPlugins (1ms)
				BeforeProcessingInitializeOnLoad (171ms)
				ProcessInitializeOnLoadAttributes (401ms)
				ProcessInitializeOnLoadMethodAttributes (19ms)
				AfterProcessingInitializeOnLoad (17ms)
				EditorAssembliesLoaded (1ms)
			ExecutionOrderSort2 (0ms)
			AwakeInstancesAfterBackupRestoration (15ms)
Platform modules already initialized, skipping
Refreshing native plugins compatible for Editor in 0.76 ms, found 2 plugins.
Preloading 0 native plugins for Editor in 0.00 ms.
Unloading 1506 Unused Serialized files (Serialized files now loaded: 0)
System memory in use before: 73.2 MB.
System memory in use after: 73.3 MB.

Unloading 14 unused Assets to reduce memory usage. Loaded Objects now: 2017.
Total: 7.559100 ms (FindLiveObjects: 0.303100 ms CreateObjectMapping: 0.109900 ms MarkObjects: 7.031300 ms  DeleteObjects: 0.110800 ms)

AssetImportParameters requested are different than current active one (requested -> active):
  custom:framework-win-MediaFoundation: 216162199b28c13a410421893ffa2e32 -> 
  custom:video-decoder-ogg-theora: a1e56fd34408186e4bbccfd4996cb3dc -> 
  custom:container-muxer-webm: aa71ff27fc2769a1b78a27578f13a17b -> 
  custom:container-demuxer-webm: 4f35f7cbe854078d1ac9338744f61a02 -> 
  custom:container-demuxer-ogg: 62fdf1f143b41e24485cea50d1cbac27 -> 
  custom:video-encoder-webm-vp8: eb34c28f22e8b96e1ab97ce403110664 -> 
  custom:video-decoder-webm-vp8: 9c59270c3fd7afecdb556c50c9e8de78 -> 
  custom:audio-decoder-ogg-vorbis: bf7c407c2cedff20999df2af8eb42d56 -> 
  custom:audio-encoder-webm-vorbis: bf7c407c2cedff20999df2af8eb42d56 -> 
========================================================================
Received Import Request.
  Time since last request: 166.346326 seconds.
  path: Assets/Materials
  artifactKey: Guid(134254bceb1fa5c4caaa27ffe192968c) Importer(815301076,1909f56bfc062723c751e8b465ee728b)
Start importing Assets/Materials using Guid(134254bceb1fa5c4caaa27ffe192968c) Importer(815301076,1909f56bfc062723c751e8b465ee728b)  -> (artifact id: '301c3506a576a03c8d26cd0bfe93b8f5') in 0.036343 seconds 
  Import took 0.042660 seconds .

========================================================================
Received Import Request.
  Time since last request: 1.398543 seconds.
  path: Assets/Materials/T_Background.mat
  artifactKey: Guid(7025ce5e5581c1e419fedcd52547ced5) Importer(815301076,1909f56bfc062723c751e8b465ee728b)
Start importing Assets/Materials/T_Background.mat using Guid(7025ce5e5581c1e419fedcd52547ced5) Importer(815301076,1909f56bfc062723c751e8b465ee728b)  -> (artifact id: '55fbda2f1dc4e39b920cc0d45fa42926') in 0.475853 seconds 
  Import took 0.572610 seconds .

========================================================================
Received Import Request.
  Time since last request: 0.000476 seconds.
  path: Assets/Materials/T_Background_02.mat
  artifactKey: Guid(b5a531effd58b3e47925bdbe02bd6397) Importer(815301076,1909f56bfc062723c751e8b465ee728b)
Start importing Assets/Materials/T_Background_02.mat using Guid(b5a531effd58b3e47925bdbe02bd6397) Importer(815301076,1909f56bfc062723c751e8b465ee728b)  -> (artifact id: '03bf5a095f9d2b68caf7b26dc35d29d8') in 0.066459 seconds 
  Import took 0.086065 seconds .

========================================================================
Received Import Request.
  Time since last request: 0.000713 seconds.
  path: Assets/Materials/T_Background_01.mat
  artifactKey: Guid(ba9011a51baeb5244bf135e439b28ecf) Importer(815301076,1909f56bfc062723c751e8b465ee728b)
Start importing Assets/Materials/T_Background_01.mat using Guid(ba9011a51baeb5244bf135e439b28ecf) Importer(815301076,1909f56bfc062723c751e8b465ee728b)  -> (artifact id: 'f55b07c548d035d3a8dcd52b9c838cfd') in 0.045673 seconds 
  Import took 0.051021 seconds .

========================================================================
Received Import Request.
  Time since last request: 0.000347 seconds.
  path: Assets/Materials/T_Butterfly_01.mat
  artifactKey: Guid(2318229484821c242a6b8e04634deb14) Importer(815301076,1909f56bfc062723c751e8b465ee728b)
Start importing Assets/Materials/T_Butterfly_01.mat using Guid(2318229484821c242a6b8e04634deb14) Importer(815301076,1909f56bfc062723c751e8b465ee728b)  -> (artifact id: '7fa298581ef947545b62d68e53745504') in 0.049538 seconds 
  Import took 0.054829 seconds .

========================================================================
Received Import Request.
  Time since last request: 1.475033 seconds.
  path: Assets/ALLNEW
  artifactKey: Guid(67aca3b36287121418cab5f6a141c487) Importer(815301076,1909f56bfc062723c751e8b465ee728b)
Start importing Assets/ALLNEW using Guid(67aca3b36287121418cab5f6a141c487) Importer(815301076,1909f56bfc062723c751e8b465ee728b)  -> (artifact id: '6158315f1a4c9a0e1a3a61177719d738') in 0.023450 seconds 
  Import took 0.034232 seconds .

========================================================================
Received Import Request.
  Time since last request: 0.001390 seconds.
  path: Assets/ALLNEW/New Material.mat
  artifactKey: Guid(3842dee2186632343be6f5cfe00ec264) Importer(815301076,1909f56bfc062723c751e8b465ee728b)
Start importing Assets/ALLNEW/New Material.mat using Guid(3842dee2186632343be6f5cfe00ec264) Importer(815301076,1909f56bfc062723c751e8b465ee728b)  -> (artifact id: 'af6b4c969bcb2dff5ace88fbcbec49b9') in 0.066145 seconds 
  Import took 0.071831 seconds .

========================================================================
Received Import Request.
  Time since last request: 0.000454 seconds.
  path: Assets/ALLNEW/SK_Butterfly (2).prefab
  artifactKey: Guid(e6fb03dea90acd04ebe19cba832b1abe) Importer(815301076,1909f56bfc062723c751e8b465ee728b)
Start importing Assets/ALLNEW/SK_Butterfly (2).prefab using Guid(e6fb03dea90acd04ebe19cba832b1abe) Importer(815301076,1909f56bfc062723c751e8b465ee728b)  -> (artifact id: '3c45e734e69c131268f981778373c07c') in 0.149068 seconds 
  Import took 0.183506 seconds .

========================================================================
Received Import Request.
  Time since last request: 0.000365 seconds.
  path: Assets/ALLNEW/SK_Butterfly 1.prefab
  artifactKey: Guid(1208bb8d0e4d310439b4feaecb11182b) Importer(815301076,1909f56bfc062723c751e8b465ee728b)
Start importing Assets/ALLNEW/SK_Butterfly 1.prefab using Guid(1208bb8d0e4d310439b4feaecb11182b) Importer(815301076,1909f56bfc062723c751e8b465ee728b)  -> (artifact id: '3abab651ada927ee6d73cf0e86c44122') in 0.089136 seconds 
  Import took 0.094848 seconds .

========================================================================
Received Import Request.
  Time since last request: 0.000415 seconds.
  path: Assets/ALLNEW/SK_Butterfly.prefab
  artifactKey: Guid(dd87990b5cf852240b3602156c3ba93b) Importer(815301076,1909f56bfc062723c751e8b465ee728b)
Start importing Assets/ALLNEW/SK_Butterfly.prefab using Guid(dd87990b5cf852240b3602156c3ba93b) Importer(815301076,1909f56bfc062723c751e8b465ee728b)  -> (artifact id: '77bb6339f3f47c331402cf07949f7fec') in 0.058132 seconds 
  Import took 0.064368 seconds .

========================================================================
Received Import Request.
  Time since last request: 0.000621 seconds.
  path: Assets/ALLNEW/SK_Butterfly (1).prefab
  artifactKey: Guid(af51e001bce12534b853a3268b1ca9f0) Importer(815301076,1909f56bfc062723c751e8b465ee728b)
Start importing Assets/ALLNEW/SK_Butterfly (1).prefab using Guid(af51e001bce12534b853a3268b1ca9f0) Importer(815301076,1909f56bfc062723c751e8b465ee728b)  -> (artifact id: 'b9291bef84fbdcf4e241030d18d8a8fb') in 0.087915 seconds 
  Import took 0.094690 seconds .

========================================================================
Received Import Request.
  Time since last request: 0.000629 seconds.
  path: Assets/ALLNEW/SK_Butterfly (3).prefab
  artifactKey: Guid(0041a258d73562541bb538588aea789b) Importer(815301076,1909f56bfc062723c751e8b465ee728b)
Start importing Assets/ALLNEW/SK_Butterfly (3).prefab using Guid(0041a258d73562541bb538588aea789b) Importer(815301076,1909f56bfc062723c751e8b465ee728b)  -> (artifact id: '747da91e9ee2f1e5aeb9771a8419c612') in 0.073270 seconds 
  Import took 0.078387 seconds .

========================================================================
Received Import Request.
  Time since last request: 0.000665 seconds.
  path: Assets/ALLNEW/SK_Butterfly 2.prefab
  artifactKey: Guid(a5834db874f55764c9594a8024b6c740) Importer(815301076,1909f56bfc062723c751e8b465ee728b)
Start importing Assets/ALLNEW/SK_Butterfly 2.prefab using Guid(a5834db874f55764c9594a8024b6c740) Importer(815301076,1909f56bfc062723c751e8b465ee728b)  -> (artifact id: 'bb7b6d5c4cba89b1990673ec4f79a807') in 0.079460 seconds 
  Import took 0.085944 seconds .

========================================================================
Received Import Request.
  Time since last request: 4.788168 seconds.
  path: Assets/TextMesh Pro
  artifactKey: Guid(f54d1bd14bd3ca042bd867b519fee8cc) Importer(815301076,1909f56bfc062723c751e8b465ee728b)
Start importing Assets/TextMesh Pro using Guid(f54d1bd14bd3ca042bd867b519fee8cc) Importer(815301076,1909f56bfc062723c751e8b465ee728b)  -> (artifact id: '16b4cbde9565bf190136f1148817e1ea') in 0.019216 seconds 
  Import took 0.071488 seconds .

========================================================================
Received Import Request.
  Time since last request: 2.908108 seconds.
  path: Assets/ui_textures (1)
  artifactKey: Guid(d5f984865ce687642be3e77bc1aa8d1b) Importer(815301076,1909f56bfc062723c751e8b465ee728b)
Start importing Assets/ui_textures (1) using Guid(d5f984865ce687642be3e77bc1aa8d1b) Importer(815301076,1909f56bfc062723c751e8b465ee728b)  -> (artifact id: '7965b57f0f1dab4a1e9e0708ee92370d') in 0.026895 seconds 
  Import took 0.040343 seconds .

========================================================================
Received Import Request.
  Time since last request: 0.000445 seconds.
  path: Assets/ui_textures (1)/T_BTN_Sound_on.png
  artifactKey: Guid(8a4f2bb83d7cded438280e2b0bec1f29) Importer(815301076,1909f56bfc062723c751e8b465ee728b)
Start importing Assets/ui_textures (1)/T_BTN_Sound_on.png using Guid(8a4f2bb83d7cded438280e2b0bec1f29) Importer(815301076,1909f56bfc062723c751e8b465ee728b)  -> (artifact id: '2fcf3a9339876e6c9447d2fc070ccd30') in 0.287174 seconds 
  Import took 0.292105 seconds .

========================================================================
Received Import Request.
  Time since last request: 0.000313 seconds.
  path: Assets/ui_textures (1)/T_BTN_Play.png
  artifactKey: Guid(46dcc45aa3945574aaa21ef67a6690ba) Importer(815301076,1909f56bfc062723c751e8b465ee728b)
Start importing Assets/ui_textures (1)/T_BTN_Play.png using Guid(46dcc45aa3945574aaa21ef67a6690ba) Importer(815301076,1909f56bfc062723c751e8b465ee728b)  -> (artifact id: '402d037a1392d0bc8cc988dc3fda31d2') in 0.167995 seconds 
  Import took 0.204156 seconds .

========================================================================
Received Import Request.
  Time since last request: 0.000500 seconds.
  path: Assets/ui_textures (1)/T_BTN_Music_off.png
  artifactKey: Guid(b2578f1f27b40c547a4b8af5c8b510ff) Importer(815301076,1909f56bfc062723c751e8b465ee728b)
Start importing Assets/ui_textures (1)/T_BTN_Music_off.png using Guid(b2578f1f27b40c547a4b8af5c8b510ff) Importer(815301076,1909f56bfc062723c751e8b465ee728b)  -> (artifact id: '93df4315e9ff42f69b83bdbb3b4d7d7d') in 0.078023 seconds 
  Import took 0.084089 seconds .

========================================================================
Received Import Request.
  Time since last request: 0.000358 seconds.
  path: Assets/ui_textures (1)/T_BTN_Music_on.png
  artifactKey: Guid(b0298abb591b4fa4b857eebbcbc1302f) Importer(815301076,1909f56bfc062723c751e8b465ee728b)
Start importing Assets/ui_textures (1)/T_BTN_Music_on.png using Guid(b0298abb591b4fa4b857eebbcbc1302f) Importer(815301076,1909f56bfc062723c751e8b465ee728b)  -> (artifact id: 'a1639143b51fd1a187db0de8469ff195') in 0.081030 seconds 
  Import took 0.090316 seconds .

========================================================================
Received Import Request.
  Time since last request: 0.000625 seconds.
  path: Assets/ui_textures (1)/T_BTN_Settigns.png
  artifactKey: Guid(645d20cc488669c43bcd166e587104a5) Importer(815301076,1909f56bfc062723c751e8b465ee728b)
Start importing Assets/ui_textures (1)/T_BTN_Settigns.png using Guid(645d20cc488669c43bcd166e587104a5) Importer(815301076,1909f56bfc062723c751e8b465ee728b)  -> (artifact id: 'beb4252fc28446729d1015a8bd102a6f') in 0.048923 seconds 
  Import took 0.054588 seconds .

========================================================================
Received Import Request.
  Time since last request: 0.000938 seconds.
  path: Assets/ui_textures (1)/T_BTN_Long.png
  artifactKey: Guid(0c866521a961d644fbfa445e2e29c5df) Importer(815301076,1909f56bfc062723c751e8b465ee728b)
Start importing Assets/ui_textures (1)/T_BTN_Long.png using Guid(0c866521a961d644fbfa445e2e29c5df) Importer(815301076,1909f56bfc062723c751e8b465ee728b)  -> (artifact id: 'dedc33b7cca278c9cbaa88dd4f986d73') in 0.054576 seconds 
  Import took 0.060537 seconds .

========================================================================
Received Import Request.
  Time since last request: 0.000685 seconds.
  path: Assets/ui_textures (1)/T_BTN_Exit.png
  artifactKey: Guid(5aa32d9ad764a52488dc2e635d60b634) Importer(815301076,1909f56bfc062723c751e8b465ee728b)
Start importing Assets/ui_textures (1)/T_BTN_Exit.png using Guid(5aa32d9ad764a52488dc2e635d60b634) Importer(815301076,1909f56bfc062723c751e8b465ee728b)  -> (artifact id: 'c05a34ae69d28d69599d7489866c2ea0') in 0.044236 seconds 
  Import took 0.049271 seconds .

========================================================================
Received Import Request.
  Time since last request: 0.000636 seconds.
  path: Assets/ui_textures (1)/T_BTN_Round.png
  artifactKey: Guid(2ae3aaa2612d74e429b3b98e03b8bd99) Importer(815301076,1909f56bfc062723c751e8b465ee728b)
Start importing Assets/ui_textures (1)/T_BTN_Round.png using Guid(2ae3aaa2612d74e429b3b98e03b8bd99) Importer(815301076,1909f56bfc062723c751e8b465ee728b)  -> (artifact id: '40b792fe034903f2e2033d9716ce216a') in 0.037929 seconds 
  Import took 0.043005 seconds .

========================================================================
Received Import Request.
  Time since last request: 0.002050 seconds.
  path: Assets/ui_textures (1)/T_Panel_Victory.png
  artifactKey: Guid(df49f24d92af8e049af326186e482690) Importer(815301076,1909f56bfc062723c751e8b465ee728b)
Start importing Assets/ui_textures (1)/T_Panel_Victory.png using Guid(df49f24d92af8e049af326186e482690) Importer(815301076,1909f56bfc062723c751e8b465ee728b)  -> (artifact id: 'e486cf69a4d2c17633e0940c5dd72bb0') in 0.069602 seconds 
  Import took 0.076309 seconds .

========================================================================
Received Import Request.
  Time since last request: 0.000954 seconds.
  path: Assets/ui_textures (1)/T_BTN_Back.png
  artifactKey: Guid(38dbf8d9ea94a2043a9d0f43b52305ef) Importer(815301076,1909f56bfc062723c751e8b465ee728b)
Start importing Assets/ui_textures (1)/T_BTN_Back.png using Guid(38dbf8d9ea94a2043a9d0f43b52305ef) Importer(815301076,1909f56bfc062723c751e8b465ee728b)  -> (artifact id: 'aab0d0ef12962fdcc43b928932e3338d') in 0.079588 seconds 
  Import took 0.086138 seconds .

========================================================================
Received Import Request.
  Time since last request: 0.000484 seconds.
  path: Assets/ui_textures (1)/T_BTN_Sound_off.png
  artifactKey: Guid(e7574b1f0686adb4298283a4514582fb) Importer(815301076,1909f56bfc062723c751e8b465ee728b)
Start importing Assets/ui_textures (1)/T_BTN_Sound_off.png using Guid(e7574b1f0686adb4298283a4514582fb) Importer(815301076,1909f56bfc062723c751e8b465ee728b)  -> (artifact id: 'fef8714a6b7c72e1d380748593e0dbc6') in 0.071847 seconds 
  Import took 0.080718 seconds .

========================================================================
Received Import Request.
  Time since last request: 492.341837 seconds.
  path: Assets/ui_buttons_new/T_BTN_Back.png
  artifactKey: Guid(1a4ea3a44fe83a741b30dd257c9a2a8d) Importer(815301076,1909f56bfc062723c751e8b465ee728b)
Start importing Assets/ui_buttons_new/T_BTN_Back.png using Guid(1a4ea3a44fe83a741b30dd257c9a2a8d) Importer(815301076,1909f56bfc062723c751e8b465ee728b)  -> (artifact id: 'e9600d3b9de4f9073dbdeb9b37ae2dc3') in 0.054775 seconds 
  Import took 0.062618 seconds .

========================================================================
Received Import Request.
  Time since last request: 0.000507 seconds.
  path: Assets/ui_buttons_new/T_BTN_Music_on.png
  artifactKey: Guid(14b0db9d9e824da45ab5e7097bd3f7b6) Importer(815301076,1909f56bfc062723c751e8b465ee728b)
Start importing Assets/ui_buttons_new/T_BTN_Music_on.png using Guid(14b0db9d9e824da45ab5e7097bd3f7b6) Importer(815301076,1909f56bfc062723c751e8b465ee728b)  -> (artifact id: '1acad42e344accc2ddbcb5d22fbcc1be') in 0.054756 seconds 
  Import took 0.060639 seconds .

========================================================================
Received Import Request.
  Time since last request: 0.000764 seconds.
  path: Assets/ui_buttons_new/T_BTN_Long.png
  artifactKey: Guid(e4e4e65dab138304a95be7e84f5452ba) Importer(815301076,1909f56bfc062723c751e8b465ee728b)
Start importing Assets/ui_buttons_new/T_BTN_Long.png using Guid(e4e4e65dab138304a95be7e84f5452ba) Importer(815301076,1909f56bfc062723c751e8b465ee728b)  -> (artifact id: 'a550dfaca1a93b09d018ca233a8734a8') in 0.052455 seconds 
  Import took 0.058058 seconds .

========================================================================
Received Import Request.
  Time since last request: 0.000499 seconds.
  path: Assets/ui_buttons_new/T_BTN_Pause.png
  artifactKey: Guid(124f1cfa6a0290c4498cabbf91106a72) Importer(815301076,1909f56bfc062723c751e8b465ee728b)
Start importing Assets/ui_buttons_new/T_BTN_Pause.png using Guid(124f1cfa6a0290c4498cabbf91106a72) Importer(815301076,1909f56bfc062723c751e8b465ee728b)  -> (artifact id: '7848873e69ba7c4de7bf2eb43803a48f') in 0.053119 seconds 
  Import took 0.060073 seconds .

========================================================================
Received Import Request.
  Time since last request: 0.000172 seconds.
  path: Assets/ui_buttons_new/T_BTN_Music_off.png
  artifactKey: Guid(c6f96174cd57fae4981cd1ec633e2cfd) Importer(815301076,1909f56bfc062723c751e8b465ee728b)
Start importing Assets/ui_buttons_new/T_BTN_Music_off.png using Guid(c6f96174cd57fae4981cd1ec633e2cfd) Importer(815301076,1909f56bfc062723c751e8b465ee728b)  -> (artifact id: 'ed81975675a2ae3d28ecaec446b94a6c') in 0.031235 seconds 
  Import took 0.037431 seconds .

========================================================================
Received Import Request.
  Time since last request: 0.000776 seconds.
  path: Assets/ui_buttons_new/T_BTN_Rating.png
  artifactKey: Guid(4912ea0b01865364cb659f99f0eddd6a) Importer(815301076,1909f56bfc062723c751e8b465ee728b)
Start importing Assets/ui_buttons_new/T_BTN_Rating.png using Guid(4912ea0b01865364cb659f99f0eddd6a) Importer(815301076,1909f56bfc062723c751e8b465ee728b)  -> (artifact id: '1eda79ccf26ffc2b7c03f8dd02fcd307') in 0.068870 seconds 
  Import took 0.074856 seconds .

========================================================================
Received Import Request.
  Time since last request: 0.000474 seconds.
  path: Assets/ui_buttons_new/T_BTN_Exit.png
  artifactKey: Guid(0841fed7faf17e644b52538608b5e345) Importer(815301076,1909f56bfc062723c751e8b465ee728b)
Start importing Assets/ui_buttons_new/T_BTN_Exit.png using Guid(0841fed7faf17e644b52538608b5e345) Importer(815301076,1909f56bfc062723c751e8b465ee728b)  -> (artifact id: 'c58f7539f058ac18e741350a6ec47941') in 0.133582 seconds 
  Import took 0.139251 seconds .

========================================================================
Received Import Request.
  Time since last request: 0.000228 seconds.
  path: Assets/ui_buttons_new/T_BTN_Play.png
  artifactKey: Guid(5a7c1424bb3dc8749b467f1cacd0674d) Importer(815301076,1909f56bfc062723c751e8b465ee728b)
Start importing Assets/ui_buttons_new/T_BTN_Play.png using Guid(5a7c1424bb3dc8749b467f1cacd0674d) Importer(815301076,1909f56bfc062723c751e8b465ee728b)  -> (artifact id: '3553baf8464114394a74e9fe19a1602c') in 0.032872 seconds 
  Import took 0.039844 seconds .

========================================================================
Received Import Request.
  Time since last request: 0.681661 seconds.
  path: Assets/ui_buttons_new/T_BTN_Restart.png
  artifactKey: Guid(7f6b85ae776624c47a0f56be8216caa8) Importer(815301076,1909f56bfc062723c751e8b465ee728b)
Start importing Assets/ui_buttons_new/T_BTN_Restart.png using Guid(7f6b85ae776624c47a0f56be8216caa8) Importer(815301076,1909f56bfc062723c751e8b465ee728b)  -> (artifact id: '9919da9b9828fb89c9fa633e68191f55') in 0.255658 seconds 
  Import took 0.262646 seconds .

========================================================================
Received Import Request.
  Time since last request: 0.000484 seconds.
  path: Assets/ui_buttons_new/T_BTN_Round.png
  artifactKey: Guid(e73390e1199ac7045818f8c8e526e29a) Importer(815301076,1909f56bfc062723c751e8b465ee728b)
Start importing Assets/ui_buttons_new/T_BTN_Round.png using Guid(e73390e1199ac7045818f8c8e526e29a) Importer(815301076,1909f56bfc062723c751e8b465ee728b)  -> (artifact id: '267fa0d78b41a2587a752f8c92d23b82') in 0.041524 seconds 
  Import took 0.066983 seconds .

========================================================================
Received Import Request.
  Time since last request: 0.123430 seconds.
  path: Assets/ui_buttons_new/T_BTN_Settigns.png
  artifactKey: Guid(9d69b09b887de5c4b9ef468fcde5be76) Importer(815301076,1909f56bfc062723c751e8b465ee728b)
Start importing Assets/ui_buttons_new/T_BTN_Settigns.png using Guid(9d69b09b887de5c4b9ef468fcde5be76) Importer(815301076,1909f56bfc062723c751e8b465ee728b)  -> (artifact id: 'ebde853e027c8925faa5bb94cfb7b4b9') in 0.066645 seconds 
  Import took 0.096633 seconds .

========================================================================
Received Import Request.
  Time since last request: 0.079220 seconds.
  path: Assets/ui_buttons_new/T_BTN_Sound_off.png
  artifactKey: Guid(5b45716db9ae97e44bf0cff9046c4367) Importer(815301076,1909f56bfc062723c751e8b465ee728b)
Start importing Assets/ui_buttons_new/T_BTN_Sound_off.png using Guid(5b45716db9ae97e44bf0cff9046c4367) Importer(815301076,1909f56bfc062723c751e8b465ee728b)  -> (artifact id: 'fcde3380e9a1ef0c5855e4134e893b32') in 0.057739 seconds 
  Import took 0.064307 seconds .

========================================================================
Received Import Request.
  Time since last request: 0.000385 seconds.
  path: Assets/ui_buttons_new/T_BTN_Sound_on.png
  artifactKey: Guid(b3292ec7fc99eba4c8fd4e3a8f6cbd1c) Importer(815301076,1909f56bfc062723c751e8b465ee728b)
Start importing Assets/ui_buttons_new/T_BTN_Sound_on.png using Guid(b3292ec7fc99eba4c8fd4e3a8f6cbd1c) Importer(815301076,1909f56bfc062723c751e8b465ee728b)  -> (artifact id: '2ae5aec19b5941e429fcd5718d565267') in 0.048110 seconds 
  Import took 0.070059 seconds .

========================================================================
Received Import Request.
  Time since last request: 0.563630 seconds.
  path: Assets/ui_buttons_new/T_Panel_Victory.png
  artifactKey: Guid(688214a78592e8d4a9481fc329d473ce) Importer(815301076,1909f56bfc062723c751e8b465ee728b)
Start importing Assets/ui_buttons_new/T_Panel_Victory.png using Guid(688214a78592e8d4a9481fc329d473ce) Importer(815301076,1909f56bfc062723c751e8b465ee728b)  -> (artifact id: '5b562711e09ab9dab16d7f562d144d28') in 0.078429 seconds 
  Import took 0.127210 seconds .

========================================================================
Received Import Request.
  Time since last request: 0.000444 seconds.
  path: Assets/ui_buttons_new/T_Slider_Empty.png
  artifactKey: Guid(18a1aed995e3cb1458065ffa60ebcccd) Importer(815301076,1909f56bfc062723c751e8b465ee728b)
Start importing Assets/ui_buttons_new/T_Slider_Empty.png using Guid(18a1aed995e3cb1458065ffa60ebcccd) Importer(815301076,1909f56bfc062723c751e8b465ee728b)  -> (artifact id: '457978481593bb329558e84dc8388161') in 0.075557 seconds 
  Import took 0.094418 seconds .

========================================================================
Received Import Request.
  Time since last request: 0.000625 seconds.
  path: Assets/ui_buttons_new/T_Slider_Scroller.png
  artifactKey: Guid(f48de7cda7a757f43a4493e4b600b0d1) Importer(815301076,1909f56bfc062723c751e8b465ee728b)
Start importing Assets/ui_buttons_new/T_Slider_Scroller.png using Guid(f48de7cda7a757f43a4493e4b600b0d1) Importer(815301076,1909f56bfc062723c751e8b465ee728b)  -> (artifact id: 'f921282e34b1a127afc51be808fb82e9') in 0.063906 seconds 
  Import took 0.069258 seconds .

========================================================================
Received Import Request.
  Time since last request: 0.000534 seconds.
  path: Assets/ui_buttons_new/T_Slider_Filler.png
  artifactKey: Guid(88b2ed09305d5a14ea2f074864803199) Importer(815301076,1909f56bfc062723c751e8b465ee728b)
Start importing Assets/ui_buttons_new/T_Slider_Filler.png using Guid(88b2ed09305d5a14ea2f074864803199) Importer(815301076,1909f56bfc062723c751e8b465ee728b)  -> (artifact id: '5211c25b71565629931c65f31a517d10') in 0.042978 seconds 
  Import took 0.049036 seconds .

========================================================================
Received Import Request.
  Time since last request: 16.617934 seconds.
  path: Assets/Asset/Terrain Assets/Trees/Materials/alder-alderbark.mat
  artifactKey: Guid(2e2c881dbd110e38a00062d88f962b59) Importer(815301076,1909f56bfc062723c751e8b465ee728b)
Start importing Assets/Asset/Terrain Assets/Trees/Materials/alder-alderbark.mat using Guid(2e2c881dbd110e38a00062d88f962b59) Importer(815301076,1909f56bfc062723c751e8b465ee728b)  -> (artifact id: 'e0f9d36d5fd621195d3a88951290e461') in 0.276819 seconds 
  Import took 0.283652 seconds .

========================================================================
Received Import Request.
  Time since last request: 0.000359 seconds.
  path: Assets/Asset/Font/zeroes three.ttf
  artifactKey: Guid(0bb66c7eefa304f92920d01e09224c5d) Importer(815301076,1909f56bfc062723c751e8b465ee728b)
Start importing Assets/Asset/Font/zeroes three.ttf using Guid(0bb66c7eefa304f92920d01e09224c5d) Importer(815301076,1909f56bfc062723c751e8b465ee728b)  -> (artifact id: 'b3ea4d25ed6a3695ed75ab590a19f184') in 0.056501 seconds 
  Import took 0.063084 seconds .

========================================================================
Received Import Request.
  Time since last request: 0.000539 seconds.
  path: Assets/Asset/Font/braeside lumberboy.ttf
  artifactKey: Guid(49cd6ab3814db46168b543c4e7569b4c) Importer(815301076,1909f56bfc062723c751e8b465ee728b)
Start importing Assets/Asset/Font/braeside lumberboy.ttf using Guid(49cd6ab3814db46168b543c4e7569b4c) Importer(815301076,1909f56bfc062723c751e8b465ee728b)  -> (artifact id: '02c1ef33075d508b7a7224feb4371c3a') in 0.063046 seconds 
  Import took 0.074188 seconds .

========================================================================
Received Import Request.
  Time since last request: 0.000708 seconds.
  path: Assets/Asset/Track Assets/Materials/Arrow.mat
  artifactKey: Guid(690e31d2a351a014ca6e8f4bc744bb3f) Importer(815301076,1909f56bfc062723c751e8b465ee728b)
Start importing Assets/Asset/Track Assets/Materials/Arrow.mat using Guid(690e31d2a351a014ca6e8f4bc744bb3f) Importer(815301076,1909f56bfc062723c751e8b465ee728b)  -> (artifact id: '56a4a6664137526d11b247f27416884a') in 0.501918 seconds 
  Import took 0.512282 seconds .

========================================================================
Received Import Request.
  Time since last request: 0.000605 seconds.
  path: Assets/Asset/Font/olivers barney.ttf
  artifactKey: Guid(d83fb582b64e34892ad085b8805a9a20) Importer(815301076,1909f56bfc062723c751e8b465ee728b)
Start importing Assets/Asset/Font/olivers barney.ttf using Guid(d83fb582b64e34892ad085b8805a9a20) Importer(815301076,1909f56bfc062723c751e8b465ee728b)  -> (artifact id: '9be814e816d6fc2801dcafd87739cff1') in 0.050873 seconds 
  Import took 0.056032 seconds .

========================================================================
Received Import Request.
  Time since last request: 0.000556 seconds.
  path: Assets/Asset/Font/braeside outline.ttf
  artifactKey: Guid(8fc266d67dc5940d2bde20920cf4d18e) Importer(815301076,1909f56bfc062723c751e8b465ee728b)
Start importing Assets/Asset/Font/braeside outline.ttf using Guid(8fc266d67dc5940d2bde20920cf4d18e) Importer(815301076,1909f56bfc062723c751e8b465ee728b)  -> (artifact id: '2b7b03e350ff65d27a1ff4b4bfef85c0') in 0.076098 seconds 
  Import took 0.083632 seconds .

========================================================================
Received Import Request.
  Time since last request: 0.000852 seconds.
  path: Assets/Asset/Font/zeroes two.ttf
  artifactKey: Guid(91529ed5c996a4687b589fdac15ba868) Importer(815301076,1909f56bfc062723c751e8b465ee728b)
Start importing Assets/Asset/Font/zeroes two.ttf using Guid(91529ed5c996a4687b589fdac15ba868) Importer(815301076,1909f56bfc062723c751e8b465ee728b)  -> (artifact id: '5a3726fc84e4f99d1f06083f42734a16') in 0.070253 seconds 
  Import took 0.079862 seconds .

========================================================================
Received Import Request.
  Time since last request: 0.000499 seconds.
  path: Assets/TextMesh Pro/Fonts/LiberationSans.ttf
  artifactKey: Guid(e3265ab4bf004d28a9537516768c1c75) Importer(815301076,1909f56bfc062723c751e8b465ee728b)
Start importing Assets/TextMesh Pro/Fonts/LiberationSans.ttf using Guid(e3265ab4bf004d28a9537516768c1c75) Importer(815301076,1909f56bfc062723c751e8b465ee728b)  -> (artifact id: 'bdddd331c3f1b7826858a8d92db67e39') in 0.064609 seconds 
  Import took 0.071760 seconds .

========================================================================
Received Import Request.
  Time since last request: 0.000437 seconds.
  path: Assets/Asset/Font/good times rg.ttf
  artifactKey: Guid(81f8c49e9ea673b4bbf0120b77c6486d) Importer(815301076,1909f56bfc062723c751e8b465ee728b)
Start importing Assets/Asset/Font/good times rg.ttf using Guid(81f8c49e9ea673b4bbf0120b77c6486d) Importer(815301076,1909f56bfc062723c751e8b465ee728b)  -> (artifact id: 'ee2f251f04c5d5e89ef0488227f61575') in 0.065416 seconds 
  Import took 0.071911 seconds .

========================================================================
Received Import Request.
  Time since last request: 0.000817 seconds.
  path: Assets/Asset/Terrain Assets/Trees/Materials/alderbranches.mat
  artifactKey: Guid(2b4c881dbd110e38a00062d88f962b59) Importer(815301076,1909f56bfc062723c751e8b465ee728b)
Start importing Assets/Asset/Terrain Assets/Trees/Materials/alderbranches.mat using Guid(2b4c881dbd110e38a00062d88f962b59) Importer(815301076,1909f56bfc062723c751e8b465ee728b)  -> (artifact id: '92355db86577abcf5b069dda8ef545ce') in 0.199089 seconds 
  Import took 0.205099 seconds .

========================================================================
Received Import Request.
  Time since last request: 0.000523 seconds.
  path: Assets/Asset/Font/president gas.ttf
  artifactKey: Guid(b95e404d368e042d8b1e8af1acfc24fc) Importer(815301076,1909f56bfc062723c751e8b465ee728b)
Start importing Assets/Asset/Font/president gas.ttf using Guid(b95e404d368e042d8b1e8af1acfc24fc) Importer(815301076,1909f56bfc062723c751e8b465ee728b)  -> (artifact id: '1d2e7fbc2eb589635fd8736b9c19a786') in 0.053768 seconds 
  Import took 0.060675 seconds .

========================================================================
Received Import Request.
  Time since last request: 0.000387 seconds.
  path: Assets/Asset/Track Assets/Materials/dev_256_gr_128x.mat
  artifactKey: Guid(35917b8b208b45d44a73b17e937fe997) Importer(815301076,1909f56bfc062723c751e8b465ee728b)
Start importing Assets/Asset/Track Assets/Materials/dev_256_gr_128x.mat using Guid(35917b8b208b45d44a73b17e937fe997) Importer(815301076,1909f56bfc062723c751e8b465ee728b)  -> (artifact id: 'a353fbaddafe70a2eb1e413baf424ce6') in 0.392291 seconds 
  Import took 0.398572 seconds .

========================================================================
Received Import Request.
  Time since last request: 0.000660 seconds.
  path: Assets/Asset/Track Assets/Materials/Bridge Wall.mat
  artifactKey: Guid(4a959327ec1088146bdbf5a4dbb1cd50) Importer(815301076,1909f56bfc062723c751e8b465ee728b)
Start importing Assets/Asset/Track Assets/Materials/Bridge Wall.mat using Guid(4a959327ec1088146bdbf5a4dbb1cd50) Importer(815301076,1909f56bfc062723c751e8b465ee728b)  -> (artifact id: 'ed5d1d346e8c76f613d950056c8ccc49') in 0.050165 seconds 
  Import took 0.056765 seconds .

========================================================================
Received Import Request.
  Time since last request: 2.488408 seconds.
  path: Assets/Asset/Font/vahika it.ttf
  artifactKey: Guid(34442079bdde445518a259f596d794f5) Importer(815301076,1909f56bfc062723c751e8b465ee728b)
Start importing Assets/Asset/Font/vahika it.ttf using Guid(34442079bdde445518a259f596d794f5) Importer(815301076,1909f56bfc062723c751e8b465ee728b)  -> (artifact id: '488d97abe4624f3833862027ad79e5ab') in 0.031531 seconds 
  Import took 0.037259 seconds .

========================================================================
Received Import Request.
  Time since last request: 0.000813 seconds.
  path: Assets/Asset/Font/vahika bd.ttf
  artifactKey: Guid(bccdd9cf75f1e46a18792ebf55750151) Importer(815301076,1909f56bfc062723c751e8b465ee728b)
Start importing Assets/Asset/Font/vahika bd.ttf using Guid(bccdd9cf75f1e46a18792ebf55750151) Importer(815301076,1909f56bfc062723c751e8b465ee728b)  -> (artifact id: '89e12153eaf8654a6f1d4fa9cf572b9b') in 0.048770 seconds 
  Import took 0.054379 seconds .

========================================================================
Received Import Request.
  Time since last request: 0.000670 seconds.
  path: Assets/Asset/Font/tinsnips.ttf
  artifactKey: Guid(90904e461dd424e32bb5d2e4ff1ac923) Importer(815301076,1909f56bfc062723c751e8b465ee728b)
Start importing Assets/Asset/Font/tinsnips.ttf using Guid(90904e461dd424e32bb5d2e4ff1ac923) Importer(815301076,1909f56bfc062723c751e8b465ee728b)  -> (artifact id: '37b05700f87b028d924150d802c007b2') in 0.058177 seconds 
  Import took 0.067673 seconds .

========================================================================
Received Import Request.
  Time since last request: 0.000755 seconds.
  path: Assets/Asset/Font/unsteady oversteer.ttf
  artifactKey: Guid(89648ac7d8bd34b06960350413116068) Importer(815301076,1909f56bfc062723c751e8b465ee728b)
Start importing Assets/Asset/Font/unsteady oversteer.ttf using Guid(89648ac7d8bd34b06960350413116068) Importer(815301076,1909f56bfc062723c751e8b465ee728b)  -> (artifact id: 'd5089a6bb31228702564e65c01a00181') in 0.069010 seconds 
  Import took 0.081713 seconds .

========================================================================
Received Import Request.
  Time since last request: 0.000465 seconds.
  path: Assets/Asset/Font/quadrangle.ttf
  artifactKey: Guid(772f0e78a4f3d4587b6bc4b78fbe9763) Importer(815301076,1909f56bfc062723c751e8b465ee728b)
Start importing Assets/Asset/Font/quadrangle.ttf using Guid(772f0e78a4f3d4587b6bc4b78fbe9763) Importer(815301076,1909f56bfc062723c751e8b465ee728b)  -> (artifact id: '5acec76c9127b026e60c7a011b909b1f') in 0.052654 seconds 
  Import took 0.059103 seconds .

========================================================================
Received Import Request.
  Time since last request: 0.000421 seconds.
  path: Assets/Asset/Font/vahika bd it.ttf
  artifactKey: Guid(856910d095f1a43e29406bdd32d4f670) Importer(815301076,1909f56bfc062723c751e8b465ee728b)
Start importing Assets/Asset/Font/vahika bd it.ttf using Guid(856910d095f1a43e29406bdd32d4f670) Importer(815301076,1909f56bfc062723c751e8b465ee728b)  -> (artifact id: 'a4bf81d0594c08f0a01f1372e0e73bc5') in 0.044067 seconds 
  Import took 0.050581 seconds .

========================================================================
Received Prepare
Registering precompiled user dll's ...
Registered in 0.019377 seconds.
Begin MonoManager ReloadAssembly
Native extension for WindowsStandalone target not found
Native extension for WebGL target not found
Refreshing native plugins compatible for Editor in 0.84 ms, found 2 plugins.
Preloading 0 native plugins for Editor in 0.00 ms.
Mono: successfully reloaded assembly
- Completed reload, in  2.470 seconds
Domain Reload Profiling:
	ReloadAssembly (2471ms)
		BeginReloadAssembly (317ms)
			ExecutionOrderSort (0ms)
			DisableScriptedObjects (11ms)
			BackupInstance (0ms)
			ReleaseScriptingObjects (0ms)
			CreateAndSetChildDomain (78ms)
		EndReloadAssembly (2000ms)
			LoadAssemblies (313ms)
			RebuildTransferFunctionScriptingTraits (0ms)
			SetupTypeCache (710ms)
			ReleaseScriptCaches (2ms)
			RebuildScriptCaches (106ms)
			SetupLoadedEditorAssemblies (725ms)
				LogAssemblyErrors (0ms)
				InitializePlatformSupportModulesInManaged (14ms)
				SetLoadedEditorAssemblies (1ms)
				RefreshPlugins (1ms)
				BeforeProcessingInitializeOnLoad (195ms)
				ProcessInitializeOnLoadAttributes (467ms)
				ProcessInitializeOnLoadMethodAttributes (25ms)
				AfterProcessingInitializeOnLoad (22ms)
				EditorAssembliesLoaded (0ms)
			ExecutionOrderSort2 (0ms)
			AwakeInstancesAfterBackupRestoration (19ms)
Platform modules already initialized, skipping
Refreshing native plugins compatible for Editor in 0.72 ms, found 2 plugins.
Preloading 0 native plugins for Editor in 0.00 ms.
Unloading 1506 Unused Serialized files (Serialized files now loaded: 0)
System memory in use before: 87.1 MB.
System memory in use after: 87.3 MB.

Unloading 14 unused Assets to reduce memory usage. Loaded Objects now: 2037.
Total: 5.993500 ms (FindLiveObjects: 0.299500 ms CreateObjectMapping: 0.098300 ms MarkObjects: 5.545700 ms  DeleteObjects: 0.046100 ms)

AssetImportParameters requested are different than current active one (requested -> active):
  custom:framework-win-MediaFoundation: 216162199b28c13a410421893ffa2e32 -> 
  custom:video-decoder-ogg-theora: a1e56fd34408186e4bbccfd4996cb3dc -> 
  custom:container-muxer-webm: aa71ff27fc2769a1b78a27578f13a17b -> 
  custom:container-demuxer-webm: 4f35f7cbe854078d1ac9338744f61a02 -> 
  custom:container-demuxer-ogg: 62fdf1f143b41e24485cea50d1cbac27 -> 
  custom:video-encoder-webm-vp8: eb34c28f22e8b96e1ab97ce403110664 -> 
  custom:video-decoder-webm-vp8: 9c59270c3fd7afecdb556c50c9e8de78 -> 
  custom:audio-decoder-ogg-vorbis: bf7c407c2cedff20999df2af8eb42d56 -> 
  custom:audio-encoder-webm-vorbis: bf7c407c2cedff20999df2af8eb42d56 -> 
========================================================================
Received Import Request.
  Time since last request: 182.974900 seconds.
  path: Assets/Comic Sans MS SDF.asset
  artifactKey: Guid(ce40d34cb2a3ae547a90b83976e7570f) Importer(815301076,1909f56bfc062723c751e8b465ee728b)
Start importing Assets/Comic Sans MS SDF.asset using Guid(ce40d34cb2a3ae547a90b83976e7570f) Importer(815301076,1909f56bfc062723c751e8b465ee728b)  -> (artifact id: '1f526f57cde532e978b5a91086e534d8') in 0.264768 seconds 
  Import took 0.271915 seconds .

========================================================================
Received Import Request.
  Time since last request: 11.766058 seconds.
  path: Assets/Scenes/OpenGame.unity
  artifactKey: Guid(903fcbc82da2dcf4dbc7d4dab9b84b83) Importer(815301076,1909f56bfc062723c751e8b465ee728b)
Start importing Assets/Scenes/OpenGame.unity using Guid(903fcbc82da2dcf4dbc7d4dab9b84b83) Importer(815301076,1909f56bfc062723c751e8b465ee728b)  -> (artifact id: 'a19f0df6104a03d947be1f7cc6648694') in 0.030581 seconds 
  Import took 0.036978 seconds .

========================================================================
Received Prepare
Registering precompiled user dll's ...
Registered in 0.007675 seconds.
Begin MonoManager ReloadAssembly
Native extension for WindowsStandalone target not found
Native extension for WebGL target not found
Refreshing native plugins compatible for Editor in 0.72 ms, found 2 plugins.
Preloading 0 native plugins for Editor in 0.00 ms.
Mono: successfully reloaded assembly
- Completed reload, in  2.356 seconds
Domain Reload Profiling:
	ReloadAssembly (2357ms)
		BeginReloadAssembly (248ms)
			ExecutionOrderSort (0ms)
			DisableScriptedObjects (9ms)
			BackupInstance (0ms)
			ReleaseScriptingObjects (0ms)
			CreateAndSetChildDomain (66ms)
		EndReloadAssembly (1962ms)
			LoadAssemblies (236ms)
			RebuildTransferFunctionScriptingTraits (0ms)
			SetupTypeCache (829ms)
			ReleaseScriptCaches (1ms)
			RebuildScriptCaches (90ms)
			SetupLoadedEditorAssemblies (640ms)
				LogAssemblyErrors (0ms)
				InitializePlatformSupportModulesInManaged (21ms)
				SetLoadedEditorAssemblies (1ms)
				RefreshPlugins (1ms)
				BeforeProcessingInitializeOnLoad (163ms)
				ProcessInitializeOnLoadAttributes (415ms)
				ProcessInitializeOnLoadMethodAttributes (18ms)
				AfterProcessingInitializeOnLoad (21ms)
				EditorAssembliesLoaded (1ms)
			ExecutionOrderSort2 (0ms)
			AwakeInstancesAfterBackupRestoration (13ms)
Platform modules already initialized, skipping
Refreshing native plugins compatible for Editor in 0.70 ms, found 2 plugins.
Preloading 0 native plugins for Editor in 0.00 ms.
Unloading 1506 Unused Serialized files (Serialized files now loaded: 0)
System memory in use before: 87.2 MB.
System memory in use after: 87.3 MB.

Unloading 14 unused Assets to reduce memory usage. Loaded Objects now: 2041.
Total: 5.038100 ms (FindLiveObjects: 0.298300 ms CreateObjectMapping: 0.082800 ms MarkObjects: 4.615700 ms  DeleteObjects: 0.038600 ms)

AssetImportParameters requested are different than current active one (requested -> active):
  custom:framework-win-MediaFoundation: 216162199b28c13a410421893ffa2e32 -> 
  custom:video-decoder-ogg-theora: a1e56fd34408186e4bbccfd4996cb3dc -> 
  custom:container-muxer-webm: aa71ff27fc2769a1b78a27578f13a17b -> 
  custom:container-demuxer-webm: 4f35f7cbe854078d1ac9338744f61a02 -> 
  custom:container-demuxer-ogg: 62fdf1f143b41e24485cea50d1cbac27 -> 
  custom:video-encoder-webm-vp8: eb34c28f22e8b96e1ab97ce403110664 -> 
  custom:video-decoder-webm-vp8: 9c59270c3fd7afecdb556c50c9e8de78 -> 
  custom:audio-decoder-ogg-vorbis: bf7c407c2cedff20999df2af8eb42d56 -> 
  custom:audio-encoder-webm-vorbis: bf7c407c2cedff20999df2af8eb42d56 -> 
========================================================================
Received Import Request.
  Time since last request: 101.153918 seconds.
  path: Assets/Scripts/Score.cs
  artifactKey: Guid(9dfa24559d4c6e043a46909d09a13955) Importer(815301076,1909f56bfc062723c751e8b465ee728b)
Start importing Assets/Scripts/Score.cs using Guid(9dfa24559d4c6e043a46909d09a13955) Importer(815301076,1909f56bfc062723c751e8b465ee728b)  -> (artifact id: '2f818d38506e835794fcc98ff283a8d9') in 0.028597 seconds 
  Import took 0.037027 seconds .

========================================================================
Received Import Request.
  Time since last request: 0.028220 seconds.
  path: Assets/TextMesh Pro/Shaders/TMPro.cginc
  artifactKey: Guid(407bc68d299748449bbf7f48ee690f8d) Importer(815301076,1909f56bfc062723c751e8b465ee728b)
Start importing Assets/TextMesh Pro/Shaders/TMPro.cginc using Guid(407bc68d299748449bbf7f48ee690f8d) Importer(815301076,1909f56bfc062723c751e8b465ee728b)  -> (artifact id: 'a7b84941a55f9012bae7f955040ccce9') in 0.035709 seconds 
  Import took 0.041767 seconds .

========================================================================
Received Import Request.
  Time since last request: 0.012633 seconds.
  path: Assets/TextMesh Pro/Shaders/TMP_SDF.shader
  artifactKey: Guid(68e6db2ebdc24f95958faec2be5558d6) Importer(815301076,1909f56bfc062723c751e8b465ee728b)
Start importing Assets/TextMesh Pro/Shaders/TMP_SDF.shader using Guid(68e6db2ebdc24f95958faec2be5558d6) Importer(815301076,1909f56bfc062723c751e8b465ee728b)  -> (artifact id: 'b05cffe56207f81684def5694297d1ee') in 0.014622 seconds 
  Import took 0.019984 seconds .

========================================================================
Received Import Request.
  Time since last request: 0.387108 seconds.
  path: Assets/ALLNEW/GameManager.cs
  artifactKey: Guid(c321fa56cb71d0c439c4e3116f9b08b8) Importer(815301076,1909f56bfc062723c751e8b465ee728b)
Start importing Assets/ALLNEW/GameManager.cs using Guid(c321fa56cb71d0c439c4e3116f9b08b8) Importer(815301076,1909f56bfc062723c751e8b465ee728b)  -> (artifact id: 'a6c8eec4a2f7907c80f88ef645484471') in 0.013747 seconds 
  Import took 0.033539 seconds .

========================================================================
Received Import Request.
  Time since last request: 0.021370 seconds.
  path: Assets/Graphics/T_Butterfly_01.png
  artifactKey: Guid(13d207c61eaeede40972772426c0505c) Importer(815301076,1909f56bfc062723c751e8b465ee728b)
Start importing Assets/Graphics/T_Butterfly_01.png using Guid(13d207c61eaeede40972772426c0505c) Importer(815301076,1909f56bfc062723c751e8b465ee728b)  -> (artifact id: '83a84632f3c0e607d3bc3903ef7c0bc6') in 0.064402 seconds 
  Import took 0.072503 seconds .

========================================================================
Received Import Request.
  Time since last request: 0.028511 seconds.
  path: Assets/Settings.cs
  artifactKey: Guid(4fa2843ae37b0c4449cdad63c2bd6e94) Importer(815301076,1909f56bfc062723c751e8b465ee728b)
Start importing Assets/Settings.cs using Guid(4fa2843ae37b0c4449cdad63c2bd6e94) Importer(815301076,1909f56bfc062723c751e8b465ee728b)  -> (artifact id: 'bcd92026afaad51823deb99026ad1dc2') in 0.012075 seconds 
  Import took 0.017567 seconds .

========================================================================
Received Import Request.
  Time since last request: 0.041593 seconds.
  path: Assets/TextMesh Pro/Shaders/TMP_SDF-Mobile.shader
  artifactKey: Guid(fe393ace9b354375a9cb14cdbbc28be4) Importer(815301076,1909f56bfc062723c751e8b465ee728b)
Start importing Assets/TextMesh Pro/Shaders/TMP_SDF-Mobile.shader using Guid(fe393ace9b354375a9cb14cdbbc28be4) Importer(815301076,1909f56bfc062723c751e8b465ee728b)  -> (artifact id: '27926394dbe3ea0d2ecfda39a46fa328') in 0.012850 seconds 
  Import took 0.018363 seconds .

========================================================================
Received Import Request.
  Time since last request: 0.042860 seconds.
  path: Assets/Prefab/End (3).prefab
  artifactKey: Guid(ec290f12286ba1c4b869c3e0d9015932) Importer(815301076,1909f56bfc062723c751e8b465ee728b)
Start importing Assets/Prefab/End (3).prefab using Guid(ec290f12286ba1c4b869c3e0d9015932) Importer(815301076,1909f56bfc062723c751e8b465ee728b)  -> (artifact id: 'e1549b8e0faf900b822de5011ae04969') in 0.052354 seconds 
  Import took 0.064567 seconds .

========================================================================
Received Import Request.
  Time since last request: 0.012474 seconds.
  path: Assets/Scripts/Exit.cs
  artifactKey: Guid(9cf6bf888c848f64db0c68399599c3ca) Importer(815301076,1909f56bfc062723c751e8b465ee728b)
Start importing Assets/Scripts/Exit.cs using Guid(9cf6bf888c848f64db0c68399599c3ca) Importer(815301076,1909f56bfc062723c751e8b465ee728b)  -> (artifact id: 'af2db825e709cb287a6e80df4013c6c5') in 0.014023 seconds 
  Import took 0.021359 seconds .

========================================================================
Received Import Request.
  Time since last request: 0.011627 seconds.
  path: Assets/Scripts/GameOver.cs
  artifactKey: Guid(1968a00f0de9c1b4eafaddc19de95a6d) Importer(815301076,1909f56bfc062723c751e8b465ee728b)
Start importing Assets/Scripts/GameOver.cs using Guid(1968a00f0de9c1b4eafaddc19de95a6d) Importer(815301076,1909f56bfc062723c751e8b465ee728b)  -> (artifact id: 'f696cb1f561cad49d1d82fb24bad1b11') in 0.027281 seconds 
  Import took 0.032142 seconds .

========================================================================
Received Import Request.
  Time since last request: 0.040665 seconds.
  path: Assets/Prefab/Spawn.prefab
  artifactKey: Guid(f09ccccb9af55fa4c9bdbf0ab1c8751d) Importer(815301076,1909f56bfc062723c751e8b465ee728b)
Start importing Assets/Prefab/Spawn.prefab using Guid(f09ccccb9af55fa4c9bdbf0ab1c8751d) Importer(815301076,1909f56bfc062723c751e8b465ee728b)  -> (artifact id: 'bf3f849417f024a3064da8cb0c43cd37') in 0.018937 seconds 
  Import took 0.023550 seconds .

========================================================================
Received Import Request.
  Time since last request: 0.012271 seconds.
  path: Assets/Scripts/Startgame.cs
  artifactKey: Guid(08e01be4d046a9d4f9b0699092d042e3) Importer(815301076,1909f56bfc062723c751e8b465ee728b)
Start importing Assets/Scripts/Startgame.cs using Guid(08e01be4d046a9d4f9b0699092d042e3) Importer(815301076,1909f56bfc062723c751e8b465ee728b)  -> (artifact id: '97d00de485049938ea0235e98c69bd4f') in 0.012886 seconds 
  Import took 0.017682 seconds .

========================================================================
Received Import Request.
  Time since last request: 0.026521 seconds.
  path: Assets/Graphics/New Material 1.mat
  artifactKey: Guid(1860782cecc4c1640a737b204d30542e) Importer(815301076,1909f56bfc062723c751e8b465ee728b)
Start importing Assets/Graphics/New Material 1.mat using Guid(1860782cecc4c1640a737b204d30542e) Importer(815301076,1909f56bfc062723c751e8b465ee728b)  -> (artifact id: '0bc44aa59482a755b9da1b223b368bcc') in 0.104254 seconds 
  Import took 0.109217 seconds .

========================================================================
Received Import Request.
  Time since last request: 0.014721 seconds.
  path: Assets/Asset/Restiik.cs
  artifactKey: Guid(69e0daa836c28e84d842105cef744903) Importer(815301076,1909f56bfc062723c751e8b465ee728b)
Start importing Assets/Asset/Restiik.cs using Guid(69e0daa836c28e84d842105cef744903) Importer(815301076,1909f56bfc062723c751e8b465ee728b)  -> (artifact id: '40d807cb90a33bf829b938f6850eaf6d') in 0.010982 seconds 
  Import took 0.015360 seconds .

========================================================================
Received Import Request.
  Time since last request: 0.027397 seconds.
  path: Assets/Scripts/ButterflyController.cs
  artifactKey: Guid(9288483cbb6a63346b84e1623ac02f5e) Importer(815301076,1909f56bfc062723c751e8b465ee728b)
Start importing Assets/Scripts/ButterflyController.cs using Guid(9288483cbb6a63346b84e1623ac02f5e) Importer(815301076,1909f56bfc062723c751e8b465ee728b)  -> (artifact id: '43fbcd9dd768fef7510f355e83ffe16f') in 0.010953 seconds 
  Import took 0.015800 seconds .

========================================================================
Received Import Request.
  Time since last request: 0.011638 seconds.
  path: Assets/Graphics/SK_Butterfly (1).controller
  artifactKey: Guid(7eaef114659f0604eb299cfa701fde7c) Importer(815301076,1909f56bfc062723c751e8b465ee728b)
Start importing Assets/Graphics/SK_Butterfly (1).controller using Guid(7eaef114659f0604eb299cfa701fde7c) Importer(815301076,1909f56bfc062723c751e8b465ee728b)  -> (artifact id: 'd0f19e4eaf35e29b0a3be04aa6b490df') in 0.017759 seconds 
  Import took 0.023182 seconds .

========================================================================
Received Import Request.
  Time since last request: 0.012060 seconds.
  path: Assets/Graphics/SK_Butterfly.fbx
  artifactKey: Guid(5861869d24c4d5442b15ab04c3c7b6e3) Importer(815301076,1909f56bfc062723c751e8b465ee728b)
Start importing Assets/Graphics/SK_Butterfly.fbx using Guid(5861869d24c4d5442b15ab04c3c7b6e3) Importer(815301076,1909f56bfc062723c751e8b465ee728b)  -> (artifact id: 'a3c649c77697fa77949e0dc80b408664') in 0.309632 seconds 
  Import took 0.314515 seconds .

========================================================================
Received Import Request.
  Time since last request: 0.044836 seconds.
  path: Assets/Graphics/T_Butterfly_02.png
  artifactKey: Guid(b7b1a556747df794c856a6359414c95f) Importer(815301076,1909f56bfc062723c751e8b465ee728b)
Start importing Assets/Graphics/T_Butterfly_02.png using Guid(b7b1a556747df794c856a6359414c95f) Importer(815301076,1909f56bfc062723c751e8b465ee728b)  -> (artifact id: '209c2cb8ea266ca191c74547c63c7285') in 0.025822 seconds 
  Import took 0.078172 seconds .

========================================================================
Received Import Request.
  Time since last request: 0.013376 seconds.
  path: Assets/TextMesh Pro/Shaders/TMPro_Properties.cginc
  artifactKey: Guid(3997e2241185407d80309a82f9148466) Importer(815301076,1909f56bfc062723c751e8b465ee728b)
Start importing Assets/TextMesh Pro/Shaders/TMPro_Properties.cginc using Guid(3997e2241185407d80309a82f9148466) Importer(815301076,1909f56bfc062723c751e8b465ee728b)  -> (artifact id: '25b87a6c906e2ff6005352074e70dba6') in 0.014104 seconds 
  Import took 0.018760 seconds .

========================================================================
Received Import Request.
  Time since last request: 0.026277 seconds.
  path: Assets/Graphics/M_Butterfly.mat
  artifactKey: Guid(f31c52dd49bb0b846800b1d96e2da667) Importer(815301076,1909f56bfc062723c751e8b465ee728b)
Start importing Assets/Graphics/M_Butterfly.mat using Guid(f31c52dd49bb0b846800b1d96e2da667) Importer(815301076,1909f56bfc062723c751e8b465ee728b)  -> (artifact id: '2b3ea18cb9300f0e698326556c453b43') in 0.031318 seconds 
  Import took 0.035767 seconds .

========================================================================
Received Import Request.
  Time since last request: 0.013787 seconds.
  path: Assets/Graphics/T_Background.jpg
  artifactKey: Guid(d23fd932f36ba9340a0d0aaf5d44ef1c) Importer(815301076,1909f56bfc062723c751e8b465ee728b)
Start importing Assets/Graphics/T_Background.jpg using Guid(d23fd932f36ba9340a0d0aaf5d44ef1c) Importer(815301076,1909f56bfc062723c751e8b465ee728b)  -> (artifact id: 'e09a100be6b315eaa12e245c40c78027') in 0.033865 seconds 
  Import took 0.038993 seconds .

========================================================================
Received Import Request.
  Time since last request: 0.027534 seconds.
  path: Assets/Prefab/End.prefab
  artifactKey: Guid(74f0e4455d001204da2820127773f127) Importer(815301076,1909f56bfc062723c751e8b465ee728b)
Start importing Assets/Prefab/End.prefab using Guid(74f0e4455d001204da2820127773f127) Importer(815301076,1909f56bfc062723c751e8b465ee728b)  -> (artifact id: 'd497dd38a2c1f1c0c65a89a123931171') in 0.016110 seconds 
  Import took 0.020581 seconds .

========================================================================
Received Import Request.
  Time since last request: 0.049943 seconds.
  path: Assets/Prefab/Spawn (3).prefab
  artifactKey: Guid(d533052adb42ca34f94d8e7c0717d2a9) Importer(815301076,1909f56bfc062723c751e8b465ee728b)
Start importing Assets/Prefab/Spawn (3).prefab using Guid(d533052adb42ca34f94d8e7c0717d2a9) Importer(815301076,1909f56bfc062723c751e8b465ee728b)  -> (artifact id: 'f28de7bdb1899aed708ffea53b7d231e') in 0.016386 seconds 
  Import took 0.021085 seconds .

AssetImportWorkerClient::OnTransportError - code=2 error=End of file
